<?xml version="1.0" encoding="UTF-8"?>
<testng-results ignored="0" total="1" passed="1" failed="0" skipped="0">
  <reporter-output>
  </reporter-output>
  <suite started-at="2024-01-31T19:06:15 IST" name="Default suite" finished-at="2024-01-31T19:06:18 IST" duration-ms="3253">
    <groups>
    </groups>
    <test started-at="2024-01-31T19:06:15 IST" name="Default test" finished-at="2024-01-31T19:06:18 IST" duration-ms="3253">
      <class name="CHROME_BROWSER.Launch_Chrome_browser">
        <test-method signature="run()[pri:0, instance:CHROME_BROWSER.Launch_Chrome_browser@47faa49c]" started-at="2024-01-31T19:06:15 IST" name="run" finished-at="2024-01-31T19:06:18 IST" duration-ms="3224" status="PASS">
          <reporter-output>
          </reporter-output>
        </test-method> <!-- run -->
      </class> <!-- CHROME_BROWSER.Launch_Chrome_browser -->
    </test> <!-- Default test -->
  </suite> <!-- Default suite -->
</testng-results>
